<?xml version="1.0" encoding="UTF-8"?>
<!-- Generated by org.testng.reporters.JUnitXMLReporter -->
<testsuite hostname="Karthik-PC" ignored="0" name="herpkupapp test Case" tests="5" failures="0" timestamp="2021-02-18T12:39:37 IST" time="80.483" errors="0">
  <testcase name="validateLogin" time="0.482" classname="com.herpkupapp.testcase.WelomePageTestCase"/>
  <testcase name="validateiframeClick" time="10.128" classname="com.herpkupapp.testcase.FramesPageTestCase"/>
  <testcase name="verify" time="0.044" classname="com.herpkupapp.testcase.IFramesPageTestCase"/>
  <testcase name="clearIFrameLogic" time="50.478" classname="com.herpkupapp.testcase.IFramesPageTestCase"/>
  <testcase name="clickElementSelenium" time="8.041" classname="com.herpkupapp.testcase.IFramesPageTestCase"/>
</testsuite> <!-- herpkupapp test Case -->
