<?xml version="1.0" encoding="UTF-8"?>
<testng-results skipped="0" failed="1" ignored="0" total="2" passed="1">
  <reporter-output>
  </reporter-output>
  <suite name="Default suite" duration-ms="107683" started-at="2021-03-25T11:07:31 IST" finished-at="2021-03-25T11:09:19 IST">
    <groups>
    </groups>
    <test name="Default test" duration-ms="107683" started-at="2021-03-25T11:07:31 IST" finished-at="2021-03-25T11:09:19 IST">
      <class name="com.herpkupapp.testcase.WelomePageTestCase">
        <test-method status="PASS" signature="initheroupapp()[pri:0, instance:com.herpkupapp.testcase.WelomePageTestCase@6043cd28]" name="initheroupapp" is-config="true" duration-ms="9323" started-at="2021-03-25T11:07:31 IST" finished-at="2021-03-25T11:07:40 IST">
          <reporter-output>
          </reporter-output>
        </test-method> <!-- initheroupapp -->
        <test-method status="FAIL" signature="functionalityModule()[pri:0, instance:com.herpkupapp.testcase.WelomePageTestCase@6043cd28]" name="functionalityModule" duration-ms="75001" started-at="2021-03-25T11:07:40 IST" finished-at="2021-03-25T11:08:55 IST">
          <exception class="org.openqa.selenium.NoSuchElementException">
            <message>
              <![CDATA[no such element: Unable to locate element: {"method":"xpath","selector":"//span[@class='red lh1-5 ico14 fl width100']"}
  (Session info: chrome=89.0.4389.90)
  (Driver info: chromedriver=2.43.600210 (68dcf5eebde37173d4027fa8635e332711d2874a),platform=Windows NT 6.1.7601 SP1 x86_64) (WARNING: The server did not provide any stacktrace information)
Command duration or timeout: 0 milliseconds
For documentation on this error, please visit: https://www.seleniumhq.org/exceptions/no_such_element.html
Build info: version: '3.141.59', revision: 'e82be7d358', time: '2018-11-14T08:17:03'
System info: host: 'KARTHIK-PC', ip: '192.168.0.103', os.name: 'Windows 7', os.arch: 'amd64', os.version: '6.1', java.version: '1.8.0_191'
Driver info: org.openqa.selenium.chrome.ChromeDriver
Capabilities {acceptInsecureCerts: false, acceptSslCerts: false, applicationCacheEnabled: false, browserConnectionEnabled: false, browserName: chrome, chrome: {chromedriverVersion: 2.43.600210 (68dcf5eebde371..., userDataDir: C:\Users\Karthik\AppData\Lo...}, cssSelectorsEnabled: true, databaseEnabled: false, goog:chromeOptions: {debuggerAddress: localhost:64220}, handlesAlerts: true, hasTouchScreen: false, javascriptEnabled: true, locationContextEnabled: true, mobileEmulationEnabled: false, nativeEvents: true, networkConnectionEnabled: false, pageLoadStrategy: normal, platform: XP, platformName: XP, rotatable: false, setWindowRect: true, takesHeapSnapshot: true, takesScreenshot: true, unexpectedAlertBehaviour: , unhandledPromptBehavior: , version: 89.0.4389.90, webStorageEnabled: true}
Session ID: bf68851c169bfc24fff7114acc119709
*** Element info: {Using=xpath, value=//span[@class='red lh1-5 ico14 fl width100']}]]>
            </message>
            <full-stacktrace>
              <![CDATA[org.openqa.selenium.NoSuchElementException: no such element: Unable to locate element: {"method":"xpath","selector":"//span[@class='red lh1-5 ico14 fl width100']"}
  (Session info: chrome=89.0.4389.90)
  (Driver info: chromedriver=2.43.600210 (68dcf5eebde37173d4027fa8635e332711d2874a),platform=Windows NT 6.1.7601 SP1 x86_64) (WARNING: The server did not provide any stacktrace information)
Command duration or timeout: 0 milliseconds
For documentation on this error, please visit: https://www.seleniumhq.org/exceptions/no_such_element.html
Build info: version: '3.141.59', revision: 'e82be7d358', time: '2018-11-14T08:17:03'
System info: host: 'KARTHIK-PC', ip: '192.168.0.103', os.name: 'Windows 7', os.arch: 'amd64', os.version: '6.1', java.version: '1.8.0_191'
Driver info: org.openqa.selenium.chrome.ChromeDriver
Capabilities {acceptInsecureCerts: false, acceptSslCerts: false, applicationCacheEnabled: false, browserConnectionEnabled: false, browserName: chrome, chrome: {chromedriverVersion: 2.43.600210 (68dcf5eebde371..., userDataDir: C:\Users\Karthik\AppData\Lo...}, cssSelectorsEnabled: true, databaseEnabled: false, goog:chromeOptions: {debuggerAddress: localhost:64220}, handlesAlerts: true, hasTouchScreen: false, javascriptEnabled: true, locationContextEnabled: true, mobileEmulationEnabled: false, nativeEvents: true, networkConnectionEnabled: false, pageLoadStrategy: normal, platform: XP, platformName: XP, rotatable: false, setWindowRect: true, takesHeapSnapshot: true, takesScreenshot: true, unexpectedAlertBehaviour: , unhandledPromptBehavior: , version: 89.0.4389.90, webStorageEnabled: true}
Session ID: bf68851c169bfc24fff7114acc119709
*** Element info: {Using=xpath, value=//span[@class='red lh1-5 ico14 fl width100']}
at sun.reflect.NativeConstructorAccessorImpl.newInstance0(Native Method)
at sun.reflect.NativeConstructorAccessorImpl.newInstance(Unknown Source)
at sun.reflect.DelegatingConstructorAccessorImpl.newInstance(Unknown Source)
at java.lang.reflect.Constructor.newInstance(Unknown Source)
at org.openqa.selenium.remote.ErrorHandler.createThrowable(ErrorHandler.java:214)
at org.openqa.selenium.remote.ErrorHandler.throwIfResponseFailed(ErrorHandler.java:166)
at org.openqa.selenium.remote.http.JsonHttpResponseCodec.reconstructValue(JsonHttpResponseCodec.java:40)
at org.openqa.selenium.remote.http.AbstractHttpResponseCodec.decode(AbstractHttpResponseCodec.java:80)
at org.openqa.selenium.remote.http.AbstractHttpResponseCodec.decode(AbstractHttpResponseCodec.java:44)
at org.openqa.selenium.remote.HttpCommandExecutor.execute(HttpCommandExecutor.java:158)
at org.openqa.selenium.remote.service.DriverCommandExecutor.execute(DriverCommandExecutor.java:83)
at org.openqa.selenium.remote.RemoteWebDriver.execute(RemoteWebDriver.java:552)
at org.openqa.selenium.remote.RemoteWebDriver.findElement(RemoteWebDriver.java:323)
at org.openqa.selenium.remote.RemoteWebDriver.findElementByXPath(RemoteWebDriver.java:428)
at org.openqa.selenium.By$ByXPath.findElement(By.java:353)
at org.openqa.selenium.remote.RemoteWebDriver.findElement(RemoteWebDriver.java:315)
at org.openqa.selenium.support.pagefactory.DefaultElementLocator.findElement(DefaultElementLocator.java:69)
at org.openqa.selenium.support.pagefactory.internal.LocatingElementHandler.invoke(LocatingElementHandler.java:38)
at com.sun.proxy.$Proxy9.getText(Unknown Source)
at com.herpkupapp.pages.WelcomePage.paymentMode(WelcomePage.java:207)
at com.herpkupapp.pages.WelcomePage.payoutMethod(WelcomePage.java:186)
at com.herpkupapp.testcase.WelomePageTestCase.functionalityModule(WelomePageTestCase.java:36)
at sun.reflect.NativeMethodAccessorImpl.invoke0(Native Method)
at sun.reflect.NativeMethodAccessorImpl.invoke(Unknown Source)
at sun.reflect.DelegatingMethodAccessorImpl.invoke(Unknown Source)
at java.lang.reflect.Method.invoke(Unknown Source)
at org.testng.internal.MethodInvocationHelper.invokeMethod(MethodInvocationHelper.java:132)
at org.testng.internal.TestInvoker.invokeMethod(TestInvoker.java:599)
at org.testng.internal.TestInvoker.invokeTestMethod(TestInvoker.java:174)
at org.testng.internal.MethodRunner.runInSequence(MethodRunner.java:46)
at org.testng.internal.TestInvoker$MethodInvocationAgent.invoke(TestInvoker.java:822)
at org.testng.internal.TestInvoker.invokeTestMethods(TestInvoker.java:147)
at org.testng.internal.TestMethodWorker.invokeTestMethods(TestMethodWorker.java:146)
at org.testng.internal.TestMethodWorker.run(TestMethodWorker.java:128)
at java.util.ArrayList.forEach(Unknown Source)
at org.testng.TestRunner.privateRun(TestRunner.java:764)
at org.testng.TestRunner.run(TestRunner.java:585)
at org.testng.SuiteRunner.runTest(SuiteRunner.java:384)
at org.testng.SuiteRunner.runSequentially(SuiteRunner.java:378)
at org.testng.SuiteRunner.privateRun(SuiteRunner.java:337)
at org.testng.SuiteRunner.run(SuiteRunner.java:286)
at org.testng.SuiteRunnerWorker.runSuite(SuiteRunnerWorker.java:53)
at org.testng.SuiteRunnerWorker.run(SuiteRunnerWorker.java:96)
at org.testng.TestNG.runSuitesSequentially(TestNG.java:1218)
at org.testng.TestNG.runSuitesLocally(TestNG.java:1140)
at org.testng.TestNG.runSuites(TestNG.java:1069)
at org.testng.TestNG.run(TestNG.java:1037)
at org.testng.remote.AbstractRemoteTestNG.run(AbstractRemoteTestNG.java:115)
at org.testng.remote.RemoteTestNG.initAndRun(RemoteTestNG.java:251)
at org.testng.remote.RemoteTestNG.main(RemoteTestNG.java:77)
]]>
            </full-stacktrace>
          </exception> <!-- org.openqa.selenium.NoSuchElementException -->
          <reporter-output>
          </reporter-output>
        </test-method> <!-- functionalityModule -->
        <test-method status="PASS" signature="tear()[pri:0, instance:com.herpkupapp.testcase.WelomePageTestCase@6043cd28]" name="tear" is-config="true" duration-ms="1" started-at="2021-03-25T11:08:55 IST" finished-at="2021-03-25T11:08:55 IST">
          <reporter-output>
          </reporter-output>
        </test-method> <!-- tear -->
        <test-method status="PASS" signature="initheroupapp()[pri:0, instance:com.herpkupapp.testcase.WelomePageTestCase@6043cd28]" name="initheroupapp" is-config="true" duration-ms="7878" started-at="2021-03-25T11:08:55 IST" finished-at="2021-03-25T11:09:03 IST">
          <reporter-output>
          </reporter-output>
        </test-method> <!-- initheroupapp -->
        <test-method status="PASS" signature="seperateModule()[pri:0, instance:com.herpkupapp.testcase.WelomePageTestCase@6043cd28]" name="seperateModule" duration-ms="15423" started-at="2021-03-25T11:09:03 IST" finished-at="2021-03-25T11:09:19 IST">
          <reporter-output>
          </reporter-output>
        </test-method> <!-- seperateModule -->
        <test-method status="PASS" signature="tear()[pri:0, instance:com.herpkupapp.testcase.WelomePageTestCase@6043cd28]" name="tear" is-config="true" duration-ms="0" started-at="2021-03-25T11:09:19 IST" finished-at="2021-03-25T11:09:19 IST">
          <reporter-output>
          </reporter-output>
        </test-method> <!-- tear -->
      </class> <!-- com.herpkupapp.testcase.WelomePageTestCase -->
    </test> <!-- Default test -->
  </suite> <!-- Default suite -->
</testng-results>
